<?xml version="1.0" encoding="UTF-8" ?>
<testsuite tests="24" failures="0" name="com.hadley.a380.CucumberTest" time="0.045" errors="0" skipped="8">
  <properties>
[...]
</properties>
  <testcase classname="| name1 | pwd1 |" name="Given 输入用户名: name1" time="0.002"/>
  <testcase classname="| name1 | pwd1 |" name="And 输入密码: pwd1" time="0"/>
  <testcase classname="| name1 | pwd1 |" name="When 点击登录" time="0"/>
  <testcase classname="| name1 | pwd1 |" name="Then 登录成功" time="0"/>
  <testcase classname="| name1 | pwd1 |" name="| name1 | pwd1 |" time="0"/>
  <testcase classname="| name2 | pwd2 |" name="Given 输入用户名: name2" time="0"/>
  <testcase classname="| name2 | pwd2 |" name="And 输入密码: pwd2" time="0"/>
  <testcase classname="| name2 | pwd2 |" name="When 点击登录" time="0"/>
  <testcase classname="| name2 | pwd2 |" name="Then 登录成功" time="0"/>
  <testcase classname="| name2 | pwd2 |" name="| name2 | pwd2 |" time="0"/>
  <testcase classname="Scenario: 登录失败测试（无参数）" name="Given 输入用户名: name3" time="0"/>
  <testcase classname="Scenario: 登录失败测试（无参数）" name="And 输入密码: pwd3" time="0"/>
  <testcase classname="Scenario: 登录失败测试（无参数）" name="When 点击登录" time="0"/>
  <testcase classname="Scenario: 登录失败测试（无参数）" name="Scenario: 登录失败测试（无参数）" time="0"/>
  <testcase classname="| 3 | 1 | 2 |" name="假设我的任务清单里有3个任务" time="0">
    <skipped/>
    <system-out>
  Scenario: 登录失败测试（无参数） &amp;#27;[90m# login.feature:14&amp;#27;[0m
    &amp;#27;[32mGiven &amp;#27;[0m&amp;#27;[32m输入用户名: &amp;#27;[0m&amp;#27;[32m&amp;#27;[1mname3&amp;#27;[0m  &amp;#27;[90m# LoginTest.输入用户名(String)&amp;#27;[0m
    &amp;#27;[32mAnd &amp;#27;[0m&amp;#27;[32m输入密码: &amp;#27;[0m&amp;#27;[32m&amp;#27;[1mpwd3&amp;#27;[0m      &amp;#27;[90m# LoginTest.输入密码(String)&amp;#27;[0m
    &amp;#27;[32mWhen &amp;#27;[0m&amp;#27;[32m点击登录&amp;#27;[0m           &amp;#27;[90m# LoginTest.点击登陆()&amp;#27;[0m
#language: zh-CN
功能: 任务管理

  场景大纲: 完成任务             &amp;#27;[90m# todo.feature:4&amp;#27;[0m
    &amp;#27;[36m假设&amp;#27;[0m&amp;#27;[36m我的任务清单里有&lt;total&gt;个任务&amp;#27;[0m
    &amp;#27;[36m当&amp;#27;[0m&amp;#27;[36m我完成&lt;finished&gt;件任务之后&amp;#27;[0m
    &amp;#27;[36m那么&amp;#27;[0m&amp;#27;[36m我还剩下&lt;left&gt;件未完成的任务&amp;#27;[0m

    例子: 
</system-out>
  </testcase>
  <testcase classname="| 3 | 1 | 2 |" name="当我完成1件任务之后" time="0">
    <skipped/>
  </testcase>
  <testcase classname="| 3 | 1 | 2 |" name="那么我还剩下2件未完成的任务" time="0.001">
    <skipped/>
  </testcase>
  <testcase classname="| 3 | 1 | 2 |" name="| 3 | 1 | 2 |" time="0.001">
    <skipped/>
  </testcase>
  <testcase classname="| 3 | 1 | 2 |" name="| 3 | 1 | 2 |" time="0.001"/>
  <testcase classname="| 5 | 1 | 4 |" name="假设我的任务清单里有5个任务" time="0.008">
    <skipped/>
    <system-out>
  场景大纲: 完成任务       &amp;#27;[90m# todo.feature:11&amp;#27;[0m
    &amp;#27;[33m假设&amp;#27;[0m&amp;#27;[33m我的任务清单里有3个任务&amp;#27;[0m
    &amp;#27;[33m当&amp;#27;[0m&amp;#27;[33m我完成1件任务之后&amp;#27;[0m
    &amp;#27;[33m那么&amp;#27;[0m&amp;#27;[33m我还剩下2件未完成的任务&amp;#27;[0m
</system-out>
  </testcase>
  <testcase classname="| 5 | 1 | 4 |" name="当我完成1件任务之后" time="0.008">
    <skipped/>
  </testcase>
  <testcase classname="| 5 | 1 | 4 |" name="那么我还剩下4件未完成的任务" time="0.008">
    <skipped/>
  </testcase>
  <testcase classname="| 5 | 1 | 4 |" name="| 5 | 1 | 4 |" time="0.008">
    <skipped/>
  </testcase>
  <testcase classname="| 5 | 1 | 4 |" name="| 5 | 1 | 4 |" time="0.008"/>
</testsuite>